<?xml version="1.0" encoding="UTF-8"?>
<testng-results skipped="0" failed="1" ignored="0" total="1" passed="0">
  <reporter-output>
  </reporter-output>
  <suite name="Default suite" duration-ms="46889" started-at="2020-06-17T16:55:09Z" finished-at="2020-06-17T16:55:56Z">
    <groups>
    </groups>
    <test name="Default test" duration-ms="46889" started-at="2020-06-17T16:55:09Z" finished-at="2020-06-17T16:55:56Z">
      <class name="com.pages.flipcart.TestFlipkartLogin">
        <test-method status="PASS" signature="openbrowser()[pri:0, instance:com.pages.flipcart.TestFlipkartLogin@544a2ea6]" name="openbrowser" is-config="true" duration-ms="41303" started-at="2020-06-17T16:55:09Z" finished-at="2020-06-17T16:55:50Z">
          <reporter-output>
          </reporter-output>
        </test-method> <!-- openbrowser -->
        <test-method status="FAIL" signature="length()[pri:0, instance:com.pages.flipcart.TestFlipkartLogin@544a2ea6]" name="length" duration-ms="3977" started-at="2020-06-17T16:55:50Z" finished-at="2020-06-17T16:55:54Z">
          <exception class="java.lang.NullPointerException">
            <full-stacktrace>
              <![CDATA[java.lang.NullPointerException
at com.generic.flipkart.ExcelLibrary.getcellvalue(ExcelLibrary.java:13)
at com.pages.flipkart.POMflipkartloginpage.loginmethod(POMflipkartloginpage.java:37)
at com.pages.flipcart.TestFlipkartLogin.length(TestFlipkartLogin.java:18)
at sun.reflect.NativeMethodAccessorImpl.invoke0(Native Method)
at sun.reflect.NativeMethodAccessorImpl.invoke(Unknown Source)
at sun.reflect.DelegatingMethodAccessorImpl.invoke(Unknown Source)
at java.lang.reflect.Method.invoke(Unknown Source)
at org.testng.internal.MethodInvocationHelper.invokeMethod(MethodInvocationHelper.java:124)
at org.testng.internal.Invoker.invokeMethod(Invoker.java:583)
at org.testng.internal.Invoker.invokeTestMethod(Invoker.java:719)
at org.testng.internal.Invoker.invokeTestMethods(Invoker.java:989)
at org.testng.internal.TestMethodWorker.invokeTestMethods(TestMethodWorker.java:125)
at org.testng.internal.TestMethodWorker.run(TestMethodWorker.java:109)
at org.testng.TestRunner.privateRun(TestRunner.java:648)
at org.testng.TestRunner.run(TestRunner.java:505)
at org.testng.SuiteRunner.runTest(SuiteRunner.java:455)
at org.testng.SuiteRunner.runSequentially(SuiteRunner.java:450)
at org.testng.SuiteRunner.privateRun(SuiteRunner.java:415)
at org.testng.SuiteRunner.run(SuiteRunner.java:364)
at org.testng.SuiteRunnerWorker.runSuite(SuiteRunnerWorker.java:52)
at org.testng.SuiteRunnerWorker.run(SuiteRunnerWorker.java:84)
at org.testng.TestNG.runSuitesSequentially(TestNG.java:1208)
at org.testng.TestNG.runSuitesLocally(TestNG.java:1137)
at org.testng.TestNG.runSuites(TestNG.java:1049)
at org.testng.TestNG.run(TestNG.java:1017)
at org.testng.remote.AbstractRemoteTestNG.run(AbstractRemoteTestNG.java:115)
at org.testng.remote.RemoteTestNG.initAndRun(RemoteTestNG.java:251)
at org.testng.remote.RemoteTestNG.main(RemoteTestNG.java:77)
]]>
            </full-stacktrace>
          </exception> <!-- java.lang.NullPointerException -->
          <reporter-output>
          </reporter-output>
        </test-method> <!-- length -->
        <test-method status="PASS" signature="closeBrowser()[pri:0, instance:com.pages.flipcart.TestFlipkartLogin@544a2ea6]" name="closeBrowser" is-config="true" duration-ms="0" started-at="2020-06-17T16:55:56Z" finished-at="2020-06-17T16:55:56Z">
          <reporter-output>
          </reporter-output>
        </test-method> <!-- closeBrowser -->
      </class> <!-- com.pages.flipcart.TestFlipkartLogin -->
    </test> <!-- Default test -->
  </suite> <!-- Default suite -->
</testng-results>
